<?xml version="1.0" encoding="UTF-8"?>
<!-- Generated by org.testng.reporters.JUnitReportReporter -->
<testsuite hostname="DESKTOP-PNLP0AN" failures="0" tests="1" name="TestNGSessions.ExpectedExceptionConcept" time="0.016" errors="0" timestamp="11 Jun 2022 06:24:39 GMT" skipped="0">
  <testcase classname="TestNGSessions.ExpectedExceptionConcept" name="loginTest" time="0.016"/>
</testsuite> <!-- TestNGSessions.ExpectedExceptionConcept -->
