<?xml version="1.0" encoding="UTF-8"?>
<!-- Generated by org.testng.reporters.JUnitReportReporter -->
<testsuite hostname="DESKTOP-PNLP0AN" failures="0" tests="10" name="TestNGSessions.InvocationCountConcept" time="0.033" errors="0" timestamp="11 Jun 2022 06:24:39 GMT" skipped="0">
  <testcase classname="TestNGSessions.InvocationCountConcept" name="createuser" time="0.002"/>
  <testcase classname="TestNGSessions.InvocationCountConcept" name="createuser" time="0.003"/>
  <testcase classname="TestNGSessions.InvocationCountConcept" name="createuser" time="0.003"/>
  <testcase classname="TestNGSessions.InvocationCountConcept" name="createuser" time="0.003"/>
  <testcase classname="TestNGSessions.InvocationCountConcept" name="createuser" time="0.002"/>
  <testcase classname="TestNGSessions.InvocationCountConcept" name="createuser" time="0.002"/>
  <testcase classname="TestNGSessions.InvocationCountConcept" name="createuser" time="0.003"/>
  <testcase classname="TestNGSessions.InvocationCountConcept" name="createuser" time="0.008"/>
  <testcase classname="TestNGSessions.InvocationCountConcept" name="createuser" time="0.002"/>
  <testcase classname="TestNGSessions.InvocationCountConcept" name="createuser" time="0.005"/>
</testsuite> <!-- TestNGSessions.InvocationCountConcept -->
